2021/02/21 08:06:06 users.go:72: near "FORM": syntax error
2021/02/21 15:27:25 server.go:3095: http: panic serving [::1]:62668: runtime error: invalid memory address or nil pointer dereference
goroutine 19 [running]:
net/http.(*conn).serve.func1(0xc000134e60)
	/usr/local/go/src/net/http/server.go:1801 +0x147
panic(0x1369a40, 0x1606d50)
	/usr/local/go/src/runtime/panic.go:975 +0x47a
text/template.errRecover(0xc000047b30)
	/usr/local/go/src/text/template/exec.go:163 +0x18b
panic(0x1369a40, 0x1606d50)
	/usr/local/go/src/runtime/panic.go:969 +0x1b9
text/template.(*Template).execute(0x0, 0x14288c0, 0xc00021a000, 0x0, 0x0, 0x0, 0x0)
	/usr/local/go/src/text/template/exec.go:217 +0x180
text/template.(*Template).Execute(...)
	/usr/local/go/src/text/template/exec.go:203
go_todo/todo_app/app/controllers.top(0x142dfa0, 0xc00021a000, 0xc00017c200)
	/Users/takuro/go/src/go_todo/todo_app/app/controllers/route_main.go:10 +0xbf
net/http.HandlerFunc.ServeHTTP(0x13d6da8, 0x142dfa0, 0xc00021a000, 0xc00017c200)
	/usr/local/go/src/net/http/server.go:2042 +0x44
net/http.(*ServeMux).ServeHTTP(0x1613940, 0x142dfa0, 0xc00021a000, 0xc00017c200)
	/usr/local/go/src/net/http/server.go:2417 +0x1ad
net/http.serverHandler.ServeHTTP(0xc000180000, 0x142dfa0, 0xc00021a000, 0xc00017c200)
	/usr/local/go/src/net/http/server.go:2843 +0xa3
net/http.(*conn).serve(0xc000134e60, 0x142e8a0, 0xc000064040)
	/usr/local/go/src/net/http/server.go:1925 +0x8ad
created by net/http.(*Server).Serve
	/usr/local/go/src/net/http/server.go:2969 +0x36c
2021/02/21 15:27:25 server.go:3095: http: panic serving [::1]:62669: runtime error: invalid memory address or nil pointer dereference
goroutine 20 [running]:
net/http.(*conn).serve.func1(0xc000134f00)
	/usr/local/go/src/net/http/server.go:1801 +0x147
panic(0x1369a40, 0x1606d50)
	/usr/local/go/src/runtime/panic.go:975 +0x47a
text/template.errRecover(0xc00017bb30)
	/usr/local/go/src/text/template/exec.go:163 +0x18b
panic(0x1369a40, 0x1606d50)
	/usr/local/go/src/runtime/panic.go:969 +0x1b9
text/template.(*Template).execute(0x0, 0x14288c0, 0xc000074000, 0x0, 0x0, 0x0, 0x0)
	/usr/local/go/src/text/template/exec.go:217 +0x180
text/template.(*Template).Execute(...)
	/usr/local/go/src/text/template/exec.go:203
go_todo/todo_app/app/controllers.top(0x142dfa0, 0xc000074000, 0xc00017c100)
	/Users/takuro/go/src/go_todo/todo_app/app/controllers/route_main.go:10 +0xbf
net/http.HandlerFunc.ServeHTTP(0x13d6da8, 0x142dfa0, 0xc000074000, 0xc00017c100)
	/usr/local/go/src/net/http/server.go:2042 +0x44
net/http.(*ServeMux).ServeHTTP(0x1613940, 0x142dfa0, 0xc000074000, 0xc00017c100)
	/usr/local/go/src/net/http/server.go:2417 +0x1ad
net/http.serverHandler.ServeHTTP(0xc000180000, 0x142dfa0, 0xc000074000, 0xc00017c100)
	/usr/local/go/src/net/http/server.go:2843 +0xa3
net/http.(*conn).serve(0xc000134f00, 0x142e8a0, 0xc00014a340)
	/usr/local/go/src/net/http/server.go:1925 +0x8ad
created by net/http.(*Server).Serve
	/usr/local/go/src/net/http/server.go:2969 +0x36c
2021/02/21 15:27:25 server.go:3095: http: panic serving [::1]:62670: runtime error: invalid memory address or nil pointer dereference
goroutine 21 [running]:
net/http.(*conn).serve.func1(0xc000134fa0)
	/usr/local/go/src/net/http/server.go:1801 +0x147
panic(0x1369a40, 0x1606d50)
	/usr/local/go/src/runtime/panic.go:975 +0x47a
text/template.errRecover(0xc000042b30)
	/usr/local/go/src/text/template/exec.go:163 +0x18b
panic(0x1369a40, 0x1606d50)
	/usr/local/go/src/runtime/panic.go:969 +0x1b9
text/template.(*Template).execute(0x0, 0x14288c0, 0xc0001800e0, 0x0, 0x0, 0x0, 0x0)
	/usr/local/go/src/text/template/exec.go:217 +0x180
text/template.(*Template).Execute(...)
	/usr/local/go/src/text/template/exec.go:203
go_todo/todo_app/app/controllers.top(0x142dfa0, 0xc0001800e0, 0xc00017c300)
	/Users/takuro/go/src/go_todo/todo_app/app/controllers/route_main.go:10 +0xbf
net/http.HandlerFunc.ServeHTTP(0x13d6da8, 0x142dfa0, 0xc0001800e0, 0xc00017c300)
	/usr/local/go/src/net/http/server.go:2042 +0x44
net/http.(*ServeMux).ServeHTTP(0x1613940, 0x142dfa0, 0xc0001800e0, 0xc00017c300)
	/usr/local/go/src/net/http/server.go:2417 +0x1ad
net/http.serverHandler.ServeHTTP(0xc000180000, 0x142dfa0, 0xc0001800e0, 0xc00017c300)
	/usr/local/go/src/net/http/server.go:2843 +0xa3
net/http.(*conn).serve(0xc000134fa0, 0x142e8a0, 0xc00014a440)
	/usr/local/go/src/net/http/server.go:1925 +0x8ad
created by net/http.(*Server).Serve
	/usr/local/go/src/net/http/server.go:2969 +0x36c
2021/02/21 15:27:26 server.go:3095: http: panic serving [::1]:62671: runtime error: invalid memory address or nil pointer dereference
goroutine 35 [running]:
net/http.(*conn).serve.func1(0xc000256000)
	/usr/local/go/src/net/http/server.go:1801 +0x147
panic(0x1369a40, 0x1606d50)
	/usr/local/go/src/runtime/panic.go:975 +0x47a
text/template.errRecover(0xc000042b30)
	/usr/local/go/src/text/template/exec.go:163 +0x18b
panic(0x1369a40, 0x1606d50)
	/usr/local/go/src/runtime/panic.go:969 +0x1b9
text/template.(*Template).execute(0x0, 0x14288c0, 0xc0000740e0, 0x0, 0x0, 0x0, 0x0)
	/usr/local/go/src/text/template/exec.go:217 +0x180
text/template.(*Template).Execute(...)
	/usr/local/go/src/text/template/exec.go:203
go_todo/todo_app/app/controllers.top(0x142dfa0, 0xc0000740e0, 0xc00017c400)
	/Users/takuro/go/src/go_todo/todo_app/app/controllers/route_main.go:10 +0xbf
net/http.HandlerFunc.ServeHTTP(0x13d6da8, 0x142dfa0, 0xc0000740e0, 0xc00017c400)
	/usr/local/go/src/net/http/server.go:2042 +0x44
net/http.(*ServeMux).ServeHTTP(0x1613940, 0x142dfa0, 0xc0000740e0, 0xc00017c400)
	/usr/local/go/src/net/http/server.go:2417 +0x1ad
net/http.serverHandler.ServeHTTP(0xc000180000, 0x142dfa0, 0xc0000740e0, 0xc00017c400)
	/usr/local/go/src/net/http/server.go:2843 +0xa3
net/http.(*conn).serve(0xc000256000, 0x142e8a0, 0xc00014a580)
	/usr/local/go/src/net/http/server.go:1925 +0x8ad
created by net/http.(*Server).Serve
	/usr/local/go/src/net/http/server.go:2969 +0x36c
2021/02/21 15:27:26 server.go:3095: http: panic serving [::1]:62672: runtime error: invalid memory address or nil pointer dereference
goroutine 36 [running]:
net/http.(*conn).serve.func1(0xc0002560a0)
	/usr/local/go/src/net/http/server.go:1801 +0x147
panic(0x1369a40, 0x1606d50)
	/usr/local/go/src/runtime/panic.go:975 +0x47a
text/template.errRecover(0xc000047b30)
	/usr/local/go/src/text/template/exec.go:163 +0x18b
panic(0x1369a40, 0x1606d50)
	/usr/local/go/src/runtime/panic.go:969 +0x1b9
text/template.(*Template).execute(0x0, 0x14288c0, 0xc00021a0e0, 0x0, 0x0, 0x0, 0x0)
	/usr/local/go/src/text/template/exec.go:217 +0x180
text/template.(*Template).Execute(...)
	/usr/local/go/src/text/template/exec.go:203
go_todo/todo_app/app/controllers.top(0x142dfa0, 0xc00021a0e0, 0xc000258000)
	/Users/takuro/go/src/go_todo/todo_app/app/controllers/route_main.go:10 +0xbf
net/http.HandlerFunc.ServeHTTP(0x13d6da8, 0x142dfa0, 0xc00021a0e0, 0xc000258000)
	/usr/local/go/src/net/http/server.go:2042 +0x44
net/http.(*ServeMux).ServeHTTP(0x1613940, 0x142dfa0, 0xc00021a0e0, 0xc000258000)
	/usr/local/go/src/net/http/server.go:2417 +0x1ad
net/http.serverHandler.ServeHTTP(0xc000180000, 0x142dfa0, 0xc00021a0e0, 0xc000258000)
	/usr/local/go/src/net/http/server.go:2843 +0xa3
net/http.(*conn).serve(0xc0002560a0, 0x142e8a0, 0xc0002120c0)
	/usr/local/go/src/net/http/server.go:1925 +0x8ad
created by net/http.(*Server).Serve
	/usr/local/go/src/net/http/server.go:2969 +0x36c
2021/02/21 15:27:26 server.go:3095: http: panic serving [::1]:62673: runtime error: invalid memory address or nil pointer dereference
goroutine 23 [running]:
net/http.(*conn).serve.func1(0xc000135040)
	/usr/local/go/src/net/http/server.go:1801 +0x147
panic(0x1369a40, 0x1606d50)
	/usr/local/go/src/runtime/panic.go:975 +0x47a
text/template.errRecover(0xc000043b30)
	/usr/local/go/src/text/template/exec.go:163 +0x18b
panic(0x1369a40, 0x1606d50)
	/usr/local/go/src/runtime/panic.go:969 +0x1b9
text/template.(*Template).execute(0x0, 0x14288c0, 0xc0001801c0, 0x0, 0x0, 0x0, 0x0)
	/usr/local/go/src/text/template/exec.go:217 +0x180
text/template.(*Template).Execute(...)
	/usr/local/go/src/text/template/exec.go:203
go_todo/todo_app/app/controllers.top(0x142dfa0, 0xc0001801c0, 0xc00017c500)
	/Users/takuro/go/src/go_todo/todo_app/app/controllers/route_main.go:10 +0xbf
net/http.HandlerFunc.ServeHTTP(0x13d6da8, 0x142dfa0, 0xc0001801c0, 0xc00017c500)
	/usr/local/go/src/net/http/server.go:2042 +0x44
net/http.(*ServeMux).ServeHTTP(0x1613940, 0x142dfa0, 0xc0001801c0, 0xc00017c500)
	/usr/local/go/src/net/http/server.go:2417 +0x1ad
net/http.serverHandler.ServeHTTP(0xc000180000, 0x142dfa0, 0xc0001801c0, 0xc00017c500)
	/usr/local/go/src/net/http/server.go:2843 +0xa3
net/http.(*conn).serve(0xc000135040, 0x142e8a0, 0xc00014a600)
	/usr/local/go/src/net/http/server.go:1925 +0x8ad
created by net/http.(*Server).Serve
	/usr/local/go/src/net/http/server.go:2969 +0x36c
2021/02/21 15:27:31 server.go:3095: http: panic serving [::1]:62679: runtime error: invalid memory address or nil pointer dereference
goroutine 38 [running]:
net/http.(*conn).serve.func1(0xc000256140)
	/usr/local/go/src/net/http/server.go:1801 +0x147
panic(0x1369a40, 0x1606d50)
	/usr/local/go/src/runtime/panic.go:975 +0x47a
text/template.errRecover(0xc00026eb30)
	/usr/local/go/src/text/template/exec.go:163 +0x18b
panic(0x1369a40, 0x1606d50)
	/usr/local/go/src/runtime/panic.go:969 +0x1b9
text/template.(*Template).execute(0x0, 0x14288c0, 0xc0001802a0, 0x0, 0x0, 0x0, 0x0)
	/usr/local/go/src/text/template/exec.go:217 +0x180
text/template.(*Template).Execute(...)
	/usr/local/go/src/text/template/exec.go:203
go_todo/todo_app/app/controllers.top(0x142dfa0, 0xc0001802a0, 0xc000258200)
	/Users/takuro/go/src/go_todo/todo_app/app/controllers/route_main.go:10 +0xbf
net/http.HandlerFunc.ServeHTTP(0x13d6da8, 0x142dfa0, 0xc0001802a0, 0xc000258200)
	/usr/local/go/src/net/http/server.go:2042 +0x44
net/http.(*ServeMux).ServeHTTP(0x1613940, 0x142dfa0, 0xc0001802a0, 0xc000258200)
	/usr/local/go/src/net/http/server.go:2417 +0x1ad
net/http.serverHandler.ServeHTTP(0xc000180000, 0x142dfa0, 0xc0001802a0, 0xc000258200)
	/usr/local/go/src/net/http/server.go:2843 +0xa3
net/http.(*conn).serve(0xc000256140, 0x142e8a0, 0xc000212240)
	/usr/local/go/src/net/http/server.go:1925 +0x8ad
created by net/http.(*Server).Serve
	/usr/local/go/src/net/http/server.go:2969 +0x36c
2021/02/21 15:27:31 server.go:3095: http: panic serving [::1]:62680: runtime error: invalid memory address or nil pointer dereference
goroutine 39 [running]:
net/http.(*conn).serve.func1(0xc0002561e0)
	/usr/local/go/src/net/http/server.go:1801 +0x147
panic(0x1369a40, 0x1606d50)
	/usr/local/go/src/runtime/panic.go:975 +0x47a
text/template.errRecover(0xc000047b30)
	/usr/local/go/src/text/template/exec.go:163 +0x18b
panic(0x1369a40, 0x1606d50)
	/usr/local/go/src/runtime/panic.go:969 +0x1b9
text/template.(*Template).execute(0x0, 0x14288c0, 0xc0000741c0, 0x0, 0x0, 0x0, 0x0)
	/usr/local/go/src/text/template/exec.go:217 +0x180
text/template.(*Template).Execute(...)
	/usr/local/go/src/text/template/exec.go:203
go_todo/todo_app/app/controllers.top(0x142dfa0, 0xc0000741c0, 0xc000258100)
	/Users/takuro/go/src/go_todo/todo_app/app/controllers/route_main.go:10 +0xbf
net/http.HandlerFunc.ServeHTTP(0x13d6da8, 0x142dfa0, 0xc0000741c0, 0xc000258100)
	/usr/local/go/src/net/http/server.go:2042 +0x44
net/http.(*ServeMux).ServeHTTP(0x1613940, 0x142dfa0, 0xc0000741c0, 0xc000258100)
	/usr/local/go/src/net/http/server.go:2417 +0x1ad
net/http.serverHandler.ServeHTTP(0xc000180000, 0x142dfa0, 0xc0000741c0, 0xc000258100)
	/usr/local/go/src/net/http/server.go:2843 +0xa3
net/http.(*conn).serve(0xc0002561e0, 0x142e8a0, 0xc0002121c0)
	/usr/local/go/src/net/http/server.go:1925 +0x8ad
created by net/http.(*Server).Serve
	/usr/local/go/src/net/http/server.go:2969 +0x36c
2021/02/21 15:27:31 server.go:3095: http: panic serving [::1]:62681: runtime error: invalid memory address or nil pointer dereference
goroutine 40 [running]:
net/http.(*conn).serve.func1(0xc000256280)
	/usr/local/go/src/net/http/server.go:1801 +0x147
panic(0x1369a40, 0x1606d50)
	/usr/local/go/src/runtime/panic.go:975 +0x47a
text/template.errRecover(0xc00026fb30)
	/usr/local/go/src/text/template/exec.go:163 +0x18b
panic(0x1369a40, 0x1606d50)
	/usr/local/go/src/runtime/panic.go:969 +0x1b9
text/template.(*Template).execute(0x0, 0x14288c0, 0xc00021a1c0, 0x0, 0x0, 0x0, 0x0)
	/usr/local/go/src/text/template/exec.go:217 +0x180
text/template.(*Template).Execute(...)
	/usr/local/go/src/text/template/exec.go:203
go_todo/todo_app/app/controllers.top(0x142dfa0, 0xc00021a1c0, 0xc000258300)
	/Users/takuro/go/src/go_todo/todo_app/app/controllers/route_main.go:10 +0xbf
net/http.HandlerFunc.ServeHTTP(0x13d6da8, 0x142dfa0, 0xc00021a1c0, 0xc000258300)
	/usr/local/go/src/net/http/server.go:2042 +0x44
net/http.(*ServeMux).ServeHTTP(0x1613940, 0x142dfa0, 0xc00021a1c0, 0xc000258300)
	/usr/local/go/src/net/http/server.go:2417 +0x1ad
net/http.serverHandler.ServeHTTP(0xc000180000, 0x142dfa0, 0xc00021a1c0, 0xc000258300)
	/usr/local/go/src/net/http/server.go:2843 +0xa3
net/http.(*conn).serve(0xc000256280, 0x142e8a0, 0xc000212300)
	/usr/local/go/src/net/http/server.go:1925 +0x8ad
created by net/http.(*Server).Serve
	/usr/local/go/src/net/http/server.go:2969 +0x36c
2021/02/21 15:27:34 server.go:3095: http: panic serving [::1]:62686: runtime error: invalid memory address or nil pointer dereference
goroutine 26 [running]:
net/http.(*conn).serve.func1(0xc0001350e0)
	/usr/local/go/src/net/http/server.go:1801 +0x147
panic(0x1369a40, 0x1606d50)
	/usr/local/go/src/runtime/panic.go:975 +0x47a
text/template.errRecover(0xc000043b30)
	/usr/local/go/src/text/template/exec.go:163 +0x18b
panic(0x1369a40, 0x1606d50)
	/usr/local/go/src/runtime/panic.go:969 +0x1b9
text/template.(*Template).execute(0x0, 0x14288c0, 0xc00021a2a0, 0x0, 0x0, 0x0, 0x0)
	/usr/local/go/src/text/template/exec.go:217 +0x180
text/template.(*Template).Execute(...)
	/usr/local/go/src/text/template/exec.go:203
go_todo/todo_app/app/controllers.top(0x142dfa0, 0xc00021a2a0, 0xc00017c700)
	/Users/takuro/go/src/go_todo/todo_app/app/controllers/route_main.go:10 +0xbf
net/http.HandlerFunc.ServeHTTP(0x13d6da8, 0x142dfa0, 0xc00021a2a0, 0xc00017c700)
	/usr/local/go/src/net/http/server.go:2042 +0x44
net/http.(*ServeMux).ServeHTTP(0x1613940, 0x142dfa0, 0xc00021a2a0, 0xc00017c700)
	/usr/local/go/src/net/http/server.go:2417 +0x1ad
net/http.serverHandler.ServeHTTP(0xc000180000, 0x142dfa0, 0xc00021a2a0, 0xc00017c700)
	/usr/local/go/src/net/http/server.go:2843 +0xa3
net/http.(*conn).serve(0xc0001350e0, 0x142e8a0, 0xc00014a800)
	/usr/local/go/src/net/http/server.go:1925 +0x8ad
created by net/http.(*Server).Serve
	/usr/local/go/src/net/http/server.go:2969 +0x36c
2021/02/21 15:27:34 server.go:3095: http: panic serving [::1]:62687: runtime error: invalid memory address or nil pointer dereference
goroutine 27 [running]:
net/http.(*conn).serve.func1(0xc000135180)
	/usr/local/go/src/net/http/server.go:1801 +0x147
panic(0x1369a40, 0x1606d50)
	/usr/local/go/src/runtime/panic.go:975 +0x47a
text/template.errRecover(0xc00026eb30)
	/usr/local/go/src/text/template/exec.go:163 +0x18b
panic(0x1369a40, 0x1606d50)
	/usr/local/go/src/runtime/panic.go:969 +0x1b9
text/template.(*Template).execute(0x0, 0x14288c0, 0xc000180380, 0x0, 0x0, 0x0, 0x0)
	/usr/local/go/src/text/template/exec.go:217 +0x180
text/template.(*Template).Execute(...)
	/usr/local/go/src/text/template/exec.go:203
go_todo/todo_app/app/controllers.top(0x142dfa0, 0xc000180380, 0xc00017c600)
	/Users/takuro/go/src/go_todo/todo_app/app/controllers/route_main.go:10 +0xbf
net/http.HandlerFunc.ServeHTTP(0x13d6da8, 0x142dfa0, 0xc000180380, 0xc00017c600)
	/usr/local/go/src/net/http/server.go:2042 +0x44
net/http.(*ServeMux).ServeHTTP(0x1613940, 0x142dfa0, 0xc000180380, 0xc00017c600)
	/usr/local/go/src/net/http/server.go:2417 +0x1ad
net/http.serverHandler.ServeHTTP(0xc000180000, 0x142dfa0, 0xc000180380, 0xc00017c600)
	/usr/local/go/src/net/http/server.go:2843 +0xa3
net/http.(*conn).serve(0xc000135180, 0x142e8a0, 0xc00014a780)
	/usr/local/go/src/net/http/server.go:1925 +0x8ad
created by net/http.(*Server).Serve
	/usr/local/go/src/net/http/server.go:2969 +0x36c
2021/02/21 15:27:34 server.go:3095: http: panic serving [::1]:62688: runtime error: invalid memory address or nil pointer dereference
goroutine 43 [running]:
net/http.(*conn).serve.func1(0xc000256320)
	/usr/local/go/src/net/http/server.go:1801 +0x147
panic(0x1369a40, 0x1606d50)
	/usr/local/go/src/runtime/panic.go:975 +0x47a
text/template.errRecover(0xc000043b30)
	/usr/local/go/src/text/template/exec.go:163 +0x18b
panic(0x1369a40, 0x1606d50)
	/usr/local/go/src/runtime/panic.go:969 +0x1b9
text/template.(*Template).execute(0x0, 0x14288c0, 0xc00021a380, 0x0, 0x0, 0x0, 0x0)
	/usr/local/go/src/text/template/exec.go:217 +0x180
text/template.(*Template).Execute(...)
	/usr/local/go/src/text/template/exec.go:203
go_todo/todo_app/app/controllers.top(0x142dfa0, 0xc00021a380, 0xc000258400)
	/Users/takuro/go/src/go_todo/todo_app/app/controllers/route_main.go:10 +0xbf
net/http.HandlerFunc.ServeHTTP(0x13d6da8, 0x142dfa0, 0xc00021a380, 0xc000258400)
	/usr/local/go/src/net/http/server.go:2042 +0x44
net/http.(*ServeMux).ServeHTTP(0x1613940, 0x142dfa0, 0xc00021a380, 0xc000258400)
	/usr/local/go/src/net/http/server.go:2417 +0x1ad
net/http.serverHandler.ServeHTTP(0xc000180000, 0x142dfa0, 0xc00021a380, 0xc000258400)
	/usr/local/go/src/net/http/server.go:2843 +0xa3
net/http.(*conn).serve(0xc000256320, 0x142e8a0, 0xc000212480)
	/usr/local/go/src/net/http/server.go:1925 +0x8ad
created by net/http.(*Server).Serve
	/usr/local/go/src/net/http/server.go:2969 +0x36c
2021/02/21 15:27:35 server.go:3095: http: panic serving [::1]:62689: runtime error: invalid memory address or nil pointer dereference
goroutine 8 [running]:
net/http.(*conn).serve.func1(0xc0002b0000)
	/usr/local/go/src/net/http/server.go:1801 +0x147
panic(0x1369a40, 0x1606d50)
	/usr/local/go/src/runtime/panic.go:975 +0x47a
text/template.errRecover(0xc00026eb30)
	/usr/local/go/src/text/template/exec.go:163 +0x18b
panic(0x1369a40, 0x1606d50)
	/usr/local/go/src/runtime/panic.go:969 +0x1b9
text/template.(*Template).execute(0x0, 0x14288c0, 0xc0000742a0, 0x0, 0x0, 0x0, 0x0)
	/usr/local/go/src/text/template/exec.go:217 +0x180
text/template.(*Template).Execute(...)
	/usr/local/go/src/text/template/exec.go:203
go_todo/todo_app/app/controllers.top(0x142dfa0, 0xc0000742a0, 0xc00017c800)
	/Users/takuro/go/src/go_todo/todo_app/app/controllers/route_main.go:10 +0xbf
net/http.HandlerFunc.ServeHTTP(0x13d6da8, 0x142dfa0, 0xc0000742a0, 0xc00017c800)
	/usr/local/go/src/net/http/server.go:2042 +0x44
net/http.(*ServeMux).ServeHTTP(0x1613940, 0x142dfa0, 0xc0000742a0, 0xc00017c800)
	/usr/local/go/src/net/http/server.go:2417 +0x1ad
net/http.serverHandler.ServeHTTP(0xc000180000, 0x142dfa0, 0xc0000742a0, 0xc00017c800)
	/usr/local/go/src/net/http/server.go:2843 +0xa3
net/http.(*conn).serve(0xc0002b0000, 0x142e8a0, 0xc00014a900)
	/usr/local/go/src/net/http/server.go:1925 +0x8ad
created by net/http.(*Server).Serve
	/usr/local/go/src/net/http/server.go:2969 +0x36c
2021/02/21 15:27:35 server.go:3095: http: panic serving [::1]:62690: runtime error: invalid memory address or nil pointer dereference
goroutine 9 [running]:
net/http.(*conn).serve.func1(0xc0002b00a0)
	/usr/local/go/src/net/http/server.go:1801 +0x147
panic(0x1369a40, 0x1606d50)
	/usr/local/go/src/runtime/panic.go:975 +0x47a
text/template.errRecover(0xc000047b30)
	/usr/local/go/src/text/template/exec.go:163 +0x18b
panic(0x1369a40, 0x1606d50)
	/usr/local/go/src/runtime/panic.go:969 +0x1b9
text/template.(*Template).execute(0x0, 0x14288c0, 0xc00021a460, 0x0, 0x0, 0x0, 0x0)
	/usr/local/go/src/text/template/exec.go:217 +0x180
text/template.(*Template).Execute(...)
	/usr/local/go/src/text/template/exec.go:203
go_todo/todo_app/app/controllers.top(0x142dfa0, 0xc00021a460, 0xc0002b2000)
	/Users/takuro/go/src/go_todo/todo_app/app/controllers/route_main.go:10 +0xbf
net/http.HandlerFunc.ServeHTTP(0x13d6da8, 0x142dfa0, 0xc00021a460, 0xc0002b2000)
	/usr/local/go/src/net/http/server.go:2042 +0x44
net/http.(*ServeMux).ServeHTTP(0x1613940, 0x142dfa0, 0xc00021a460, 0xc0002b2000)
	/usr/local/go/src/net/http/server.go:2417 +0x1ad
net/http.serverHandler.ServeHTTP(0xc000180000, 0x142dfa0, 0xc00021a460, 0xc0002b2000)
	/usr/local/go/src/net/http/server.go:2843 +0xa3
net/http.(*conn).serve(0xc0002b00a0, 0x142e8a0, 0xc000064240)
	/usr/local/go/src/net/http/server.go:1925 +0x8ad
created by net/http.(*Server).Serve
	/usr/local/go/src/net/http/server.go:2969 +0x36c
2021/02/21 15:27:35 server.go:3095: http: panic serving [::1]:62691: runtime error: invalid memory address or nil pointer dereference
goroutine 29 [running]:
net/http.(*conn).serve.func1(0xc000135220)
	/usr/local/go/src/net/http/server.go:1801 +0x147
panic(0x1369a40, 0x1606d50)
	/usr/local/go/src/runtime/panic.go:975 +0x47a
text/template.errRecover(0xc000044b30)
	/usr/local/go/src/text/template/exec.go:163 +0x18b
panic(0x1369a40, 0x1606d50)
	/usr/local/go/src/runtime/panic.go:969 +0x1b9
text/template.(*Template).execute(0x0, 0x14288c0, 0xc00021a540, 0x0, 0x0, 0x0, 0x0)
	/usr/local/go/src/text/template/exec.go:217 +0x180
text/template.(*Template).Execute(...)
	/usr/local/go/src/text/template/exec.go:203
go_todo/todo_app/app/controllers.top(0x142dfa0, 0xc00021a540, 0xc00017c900)
	/Users/takuro/go/src/go_todo/todo_app/app/controllers/route_main.go:10 +0xbf
net/http.HandlerFunc.ServeHTTP(0x13d6da8, 0x142dfa0, 0xc00021a540, 0xc00017c900)
	/usr/local/go/src/net/http/server.go:2042 +0x44
net/http.(*ServeMux).ServeHTTP(0x1613940, 0x142dfa0, 0xc00021a540, 0xc00017c900)
	/usr/local/go/src/net/http/server.go:2417 +0x1ad
net/http.serverHandler.ServeHTTP(0xc000180000, 0x142dfa0, 0xc00021a540, 0xc00017c900)
	/usr/local/go/src/net/http/server.go:2843 +0xa3
net/http.(*conn).serve(0xc000135220, 0x142e8a0, 0xc00014a980)
	/usr/local/go/src/net/http/server.go:1925 +0x8ad
created by net/http.(*Server).Serve
	/usr/local/go/src/net/http/server.go:2969 +0x36c
2021/02/21 15:27:38 server.go:3095: http: panic serving [::1]:62700: runtime error: invalid memory address or nil pointer dereference
goroutine 11 [running]:
net/http.(*conn).serve.func1(0xc0002b0140)
	/usr/local/go/src/net/http/server.go:1801 +0x147
panic(0x1369a40, 0x1606d50)
	/usr/local/go/src/runtime/panic.go:975 +0x47a
text/template.errRecover(0xc000044b30)
	/usr/local/go/src/text/template/exec.go:163 +0x18b
panic(0x1369a40, 0x1606d50)
	/usr/local/go/src/runtime/panic.go:969 +0x1b9
text/template.(*Template).execute(0x0, 0x14288c0, 0xc000180460, 0x0, 0x0, 0x0, 0x0)
	/usr/local/go/src/text/template/exec.go:217 +0x180
text/template.(*Template).Execute(...)
	/usr/local/go/src/text/template/exec.go:203
go_todo/todo_app/app/controllers.top(0x142dfa0, 0xc000180460, 0xc000258500)
	/Users/takuro/go/src/go_todo/todo_app/app/controllers/route_main.go:10 +0xbf
net/http.HandlerFunc.ServeHTTP(0x13d6da8, 0x142dfa0, 0xc000180460, 0xc000258500)
	/usr/local/go/src/net/http/server.go:2042 +0x44
net/http.(*ServeMux).ServeHTTP(0x1613940, 0x142dfa0, 0xc000180460, 0xc000258500)
	/usr/local/go/src/net/http/server.go:2417 +0x1ad
net/http.serverHandler.ServeHTTP(0xc000180000, 0x142dfa0, 0xc000180460, 0xc000258500)
	/usr/local/go/src/net/http/server.go:2843 +0xa3
net/http.(*conn).serve(0xc0002b0140, 0x142e8a0, 0xc000212680)
	/usr/local/go/src/net/http/server.go:1925 +0x8ad
created by net/http.(*Server).Serve
	/usr/local/go/src/net/http/server.go:2969 +0x36c
2021/02/21 15:27:38 server.go:3095: http: panic serving [::1]:62701: runtime error: invalid memory address or nil pointer dereference
goroutine 12 [running]:
net/http.(*conn).serve.func1(0xc0002b01e0)
	/usr/local/go/src/net/http/server.go:1801 +0x147
panic(0x1369a40, 0x1606d50)
	/usr/local/go/src/runtime/panic.go:975 +0x47a
text/template.errRecover(0xc00026eb30)
	/usr/local/go/src/text/template/exec.go:163 +0x18b
panic(0x1369a40, 0x1606d50)
	/usr/local/go/src/runtime/panic.go:969 +0x1b9
text/template.(*Template).execute(0x0, 0x14288c0, 0xc000074380, 0x0, 0x0, 0x0, 0x0)
	/usr/local/go/src/text/template/exec.go:217 +0x180
text/template.(*Template).Execute(...)
	/usr/local/go/src/text/template/exec.go:203
go_todo/todo_app/app/controllers.top(0x142dfa0, 0xc000074380, 0xc0002b2100)
	/Users/takuro/go/src/go_todo/todo_app/app/controllers/route_main.go:10 +0xbf
net/http.HandlerFunc.ServeHTTP(0x13d6da8, 0x142dfa0, 0xc000074380, 0xc0002b2100)
	/usr/local/go/src/net/http/server.go:2042 +0x44
net/http.(*ServeMux).ServeHTTP(0x1613940, 0x142dfa0, 0xc000074380, 0xc0002b2100)
	/usr/local/go/src/net/http/server.go:2417 +0x1ad
net/http.serverHandler.ServeHTTP(0xc000180000, 0x142dfa0, 0xc000074380, 0xc0002b2100)
	/usr/local/go/src/net/http/server.go:2843 +0xa3
net/http.(*conn).serve(0xc0002b01e0, 0x142e8a0, 0xc000064340)
	/usr/local/go/src/net/http/server.go:1925 +0x8ad
created by net/http.(*Server).Serve
	/usr/local/go/src/net/http/server.go:2969 +0x36c
2021/02/21 15:27:38 server.go:3095: http: panic serving [::1]:62702: runtime error: invalid memory address or nil pointer dereference
goroutine 47 [running]:
net/http.(*conn).serve.func1(0xc0002563c0)
	/usr/local/go/src/net/http/server.go:1801 +0x147
panic(0x1369a40, 0x1606d50)
	/usr/local/go/src/runtime/panic.go:975 +0x47a
text/template.errRecover(0xc000047b30)
	/usr/local/go/src/text/template/exec.go:163 +0x18b
panic(0x1369a40, 0x1606d50)
	/usr/local/go/src/runtime/panic.go:969 +0x1b9
text/template.(*Template).execute(0x0, 0x14288c0, 0xc00021a620, 0x0, 0x0, 0x0, 0x0)
	/usr/local/go/src/text/template/exec.go:217 +0x180
text/template.(*Template).Execute(...)
	/usr/local/go/src/text/template/exec.go:203
go_todo/todo_app/app/controllers.top(0x142dfa0, 0xc00021a620, 0xc000258600)
	/Users/takuro/go/src/go_todo/todo_app/app/controllers/route_main.go:10 +0xbf
net/http.HandlerFunc.ServeHTTP(0x13d6da8, 0x142dfa0, 0xc00021a620, 0xc000258600)
	/usr/local/go/src/net/http/server.go:2042 +0x44
net/http.(*ServeMux).ServeHTTP(0x1613940, 0x142dfa0, 0xc00021a620, 0xc000258600)
	/usr/local/go/src/net/http/server.go:2417 +0x1ad
net/http.serverHandler.ServeHTTP(0xc000180000, 0x142dfa0, 0xc00021a620, 0xc000258600)
	/usr/local/go/src/net/http/server.go:2843 +0xa3
net/http.(*conn).serve(0xc0002563c0, 0x142e8a0, 0xc000212700)
	/usr/local/go/src/net/http/server.go:1925 +0x8ad
created by net/http.(*Server).Serve
	/usr/local/go/src/net/http/server.go:2969 +0x36c
2021/02/21 15:27:39 server.go:3095: http: panic serving [::1]:62704: runtime error: invalid memory address or nil pointer dereference
goroutine 49 [running]:
net/http.(*conn).serve.func1(0xc000256460)
	/usr/local/go/src/net/http/server.go:1801 +0x147
panic(0x1369a40, 0x1606d50)
	/usr/local/go/src/runtime/panic.go:975 +0x47a
text/template.errRecover(0xc000047b30)
	/usr/local/go/src/text/template/exec.go:163 +0x18b
panic(0x1369a40, 0x1606d50)
	/usr/local/go/src/runtime/panic.go:969 +0x1b9
text/template.(*Template).execute(0x0, 0x14288c0, 0xc00021a700, 0x0, 0x0, 0x0, 0x0)
	/usr/local/go/src/text/template/exec.go:217 +0x180
text/template.(*Template).Execute(...)
	/usr/local/go/src/text/template/exec.go:203
go_todo/todo_app/app/controllers.top(0x142dfa0, 0xc00021a700, 0xc000258700)
	/Users/takuro/go/src/go_todo/todo_app/app/controllers/route_main.go:10 +0xbf
net/http.HandlerFunc.ServeHTTP(0x13d6da8, 0x142dfa0, 0xc00021a700, 0xc000258700)
	/usr/local/go/src/net/http/server.go:2042 +0x44
net/http.(*ServeMux).ServeHTTP(0x1613940, 0x142dfa0, 0xc00021a700, 0xc000258700)
	/usr/local/go/src/net/http/server.go:2417 +0x1ad
net/http.serverHandler.ServeHTTP(0xc000180000, 0x142dfa0, 0xc00021a700, 0xc000258700)
	/usr/local/go/src/net/http/server.go:2843 +0xa3
net/http.(*conn).serve(0xc000256460, 0x142e8a0, 0xc000212800)
	/usr/local/go/src/net/http/server.go:1925 +0x8ad
created by net/http.(*Server).Serve
	/usr/local/go/src/net/http/server.go:2969 +0x36c
2021/02/21 15:27:39 server.go:3095: http: panic serving [::1]:62705: runtime error: invalid memory address or nil pointer dereference
goroutine 31 [running]:
net/http.(*conn).serve.func1(0xc0001352c0)
	/usr/local/go/src/net/http/server.go:1801 +0x147
panic(0x1369a40, 0x1606d50)
	/usr/local/go/src/runtime/panic.go:975 +0x47a
text/template.errRecover(0xc000044b30)
	/usr/local/go/src/text/template/exec.go:163 +0x18b
panic(0x1369a40, 0x1606d50)
	/usr/local/go/src/runtime/panic.go:969 +0x1b9
text/template.(*Template).execute(0x0, 0x14288c0, 0xc000180540, 0x0, 0x0, 0x0, 0x0)
	/usr/local/go/src/text/template/exec.go:217 +0x180
text/template.(*Template).Execute(...)
	/usr/local/go/src/text/template/exec.go:203
go_todo/todo_app/app/controllers.top(0x142dfa0, 0xc000180540, 0xc00017ca00)
	/Users/takuro/go/src/go_todo/todo_app/app/controllers/route_main.go:10 +0xbf
net/http.HandlerFunc.ServeHTTP(0x13d6da8, 0x142dfa0, 0xc000180540, 0xc00017ca00)
	/usr/local/go/src/net/http/server.go:2042 +0x44
net/http.(*ServeMux).ServeHTTP(0x1613940, 0x142dfa0, 0xc000180540, 0xc00017ca00)
	/usr/local/go/src/net/http/server.go:2417 +0x1ad
net/http.serverHandler.ServeHTTP(0xc000180000, 0x142dfa0, 0xc000180540, 0xc00017ca00)
	/usr/local/go/src/net/http/server.go:2843 +0xa3
net/http.(*conn).serve(0xc0001352c0, 0x142e8a0, 0xc00014aa80)
	/usr/local/go/src/net/http/server.go:1925 +0x8ad
created by net/http.(*Server).Serve
	/usr/local/go/src/net/http/server.go:2969 +0x36c
2021/02/21 15:27:39 server.go:3095: http: panic serving [::1]:62706: runtime error: invalid memory address or nil pointer dereference
goroutine 51 [running]:
net/http.(*conn).serve.func1(0xc000256500)
	/usr/local/go/src/net/http/server.go:1801 +0x147
panic(0x1369a40, 0x1606d50)
	/usr/local/go/src/runtime/panic.go:975 +0x47a
text/template.errRecover(0xc000047b30)
	/usr/local/go/src/text/template/exec.go:163 +0x18b
panic(0x1369a40, 0x1606d50)
	/usr/local/go/src/runtime/panic.go:969 +0x1b9
text/template.(*Template).execute(0x0, 0x14288c0, 0xc00021a7e0, 0x0, 0x0, 0x0, 0x0)
	/usr/local/go/src/text/template/exec.go:217 +0x180
text/template.(*Template).Execute(...)
	/usr/local/go/src/text/template/exec.go:203
go_todo/todo_app/app/controllers.top(0x142dfa0, 0xc00021a7e0, 0xc000258800)
	/Users/takuro/go/src/go_todo/todo_app/app/controllers/route_main.go:10 +0xbf
net/http.HandlerFunc.ServeHTTP(0x13d6da8, 0x142dfa0, 0xc00021a7e0, 0xc000258800)
	/usr/local/go/src/net/http/server.go:2042 +0x44
net/http.(*ServeMux).ServeHTTP(0x1613940, 0x142dfa0, 0xc00021a7e0, 0xc000258800)
	/usr/local/go/src/net/http/server.go:2417 +0x1ad
net/http.serverHandler.ServeHTTP(0xc000180000, 0x142dfa0, 0xc00021a7e0, 0xc000258800)
	/usr/local/go/src/net/http/server.go:2843 +0xa3
net/http.(*conn).serve(0xc000256500, 0x142e8a0, 0xc000212900)
	/usr/local/go/src/net/http/server.go:1925 +0x8ad
created by net/http.(*Server).Serve
	/usr/local/go/src/net/http/server.go:2969 +0x36c
2021/02/21 15:31:46 server.go:3095: http: panic serving 127.0.0.1:63039: runtime error: invalid memory address or nil pointer dereference
goroutine 4 [running]:
net/http.(*conn).serve.func1(0xc000100e60)
	/usr/local/go/src/net/http/server.go:1801 +0x147
panic(0x1369a40, 0x1606d50)
	/usr/local/go/src/runtime/panic.go:975 +0x47a
text/template.errRecover(0xc00003cb30)
	/usr/local/go/src/text/template/exec.go:163 +0x18b
panic(0x1369a40, 0x1606d50)
	/usr/local/go/src/runtime/panic.go:969 +0x1b9
text/template.(*Template).execute(0x0, 0x14288c0, 0xc00019c000, 0x0, 0x0, 0x0, 0x0)
	/usr/local/go/src/text/template/exec.go:217 +0x180
text/template.(*Template).Execute(...)
	/usr/local/go/src/text/template/exec.go:203
go_todo/todo_app/app/controllers.top(0x142dfa0, 0xc00019c000, 0xc00009c000)
	/Users/takuro/go/src/go_todo/todo_app/app/controllers/route_main.go:10 +0xbf
net/http.HandlerFunc.ServeHTTP(0x13d6da8, 0x142dfa0, 0xc00019c000, 0xc00009c000)
	/usr/local/go/src/net/http/server.go:2042 +0x44
net/http.(*ServeMux).ServeHTTP(0x1613940, 0x142dfa0, 0xc00019c000, 0xc00009c000)
	/usr/local/go/src/net/http/server.go:2417 +0x1ad
net/http.serverHandler.ServeHTTP(0xc000148000, 0x142dfa0, 0xc00019c000, 0xc00009c000)
	/usr/local/go/src/net/http/server.go:2843 +0xa3
net/http.(*conn).serve(0xc000100e60, 0x142e8a0, 0xc000090040)
	/usr/local/go/src/net/http/server.go:1925 +0x8ad
created by net/http.(*Server).Serve
	/usr/local/go/src/net/http/server.go:2969 +0x36c
2021/02/21 15:31:46 server.go:3095: http: panic serving 127.0.0.1:63040: runtime error: invalid memory address or nil pointer dereference
goroutine 5 [running]:
net/http.(*conn).serve.func1(0xc000100f00)
	/usr/local/go/src/net/http/server.go:1801 +0x147
panic(0x1369a40, 0x1606d50)
	/usr/local/go/src/runtime/panic.go:975 +0x47a
text/template.errRecover(0xc000143b30)
	/usr/local/go/src/text/template/exec.go:163 +0x18b
panic(0x1369a40, 0x1606d50)
	/usr/local/go/src/runtime/panic.go:969 +0x1b9
text/template.(*Template).execute(0x0, 0x14288c0, 0xc0001480e0, 0x0, 0x0, 0x0, 0x0)
	/usr/local/go/src/text/template/exec.go:217 +0x180
text/template.(*Template).Execute(...)
	/usr/local/go/src/text/template/exec.go:203
go_todo/todo_app/app/controllers.top(0x142dfa0, 0xc0001480e0, 0xc000144100)
	/Users/takuro/go/src/go_todo/todo_app/app/controllers/route_main.go:10 +0xbf
net/http.HandlerFunc.ServeHTTP(0x13d6da8, 0x142dfa0, 0xc0001480e0, 0xc000144100)
	/usr/local/go/src/net/http/server.go:2042 +0x44
net/http.(*ServeMux).ServeHTTP(0x1613940, 0x142dfa0, 0xc0001480e0, 0xc000144100)
	/usr/local/go/src/net/http/server.go:2417 +0x1ad
net/http.serverHandler.ServeHTTP(0xc000148000, 0x142dfa0, 0xc0001480e0, 0xc000144100)
	/usr/local/go/src/net/http/server.go:2843 +0xa3
net/http.(*conn).serve(0xc000100f00, 0x142e8a0, 0xc000114340)
	/usr/local/go/src/net/http/server.go:1925 +0x8ad
created by net/http.(*Server).Serve
	/usr/local/go/src/net/http/server.go:2969 +0x36c
2021/02/21 15:31:46 server.go:3095: http: panic serving 127.0.0.1:63041: runtime error: invalid memory address or nil pointer dereference
goroutine 20 [running]:
net/http.(*conn).serve.func1(0xc0000a4000)
	/usr/local/go/src/net/http/server.go:1801 +0x147
panic(0x1369a40, 0x1606d50)
	/usr/local/go/src/runtime/panic.go:975 +0x47a
text/template.errRecover(0xc00003db30)
	/usr/local/go/src/text/template/exec.go:163 +0x18b
panic(0x1369a40, 0x1606d50)
	/usr/local/go/src/runtime/panic.go:969 +0x1b9
text/template.(*Template).execute(0x0, 0x14288c0, 0xc0001481c0, 0x0, 0x0, 0x0, 0x0)
	/usr/local/go/src/text/template/exec.go:217 +0x180
text/template.(*Template).Execute(...)
	/usr/local/go/src/text/template/exec.go:203
go_todo/todo_app/app/controllers.top(0x142dfa0, 0xc0001481c0, 0xc00009c100)
	/Users/takuro/go/src/go_todo/todo_app/app/controllers/route_main.go:10 +0xbf
net/http.HandlerFunc.ServeHTTP(0x13d6da8, 0x142dfa0, 0xc0001481c0, 0xc00009c100)
	/usr/local/go/src/net/http/server.go:2042 +0x44
net/http.(*ServeMux).ServeHTTP(0x1613940, 0x142dfa0, 0xc0001481c0, 0xc00009c100)
	/usr/local/go/src/net/http/server.go:2417 +0x1ad
net/http.serverHandler.ServeHTTP(0xc000148000, 0x142dfa0, 0xc0001481c0, 0xc00009c100)
	/usr/local/go/src/net/http/server.go:2843 +0xa3
net/http.(*conn).serve(0xc0000a4000, 0x142e8a0, 0xc000090100)
	/usr/local/go/src/net/http/server.go:1925 +0x8ad
created by net/http.(*Server).Serve
	/usr/local/go/src/net/http/server.go:2969 +0x36c
2021/02/21 15:31:47 server.go:3095: http: panic serving 127.0.0.1:63044: runtime error: invalid memory address or nil pointer dereference
goroutine 35 [running]:
net/http.(*conn).serve.func1(0xc0001d8000)
	/usr/local/go/src/net/http/server.go:1801 +0x147
panic(0x1369a40, 0x1606d50)
	/usr/local/go/src/runtime/panic.go:975 +0x47a
text/template.errRecover(0xc00003db30)
	/usr/local/go/src/text/template/exec.go:163 +0x18b
panic(0x1369a40, 0x1606d50)
	/usr/local/go/src/runtime/panic.go:969 +0x1b9
text/template.(*Template).execute(0x0, 0x14288c0, 0xc00019c0e0, 0x0, 0x0, 0x0, 0x0)
	/usr/local/go/src/text/template/exec.go:217 +0x180
text/template.(*Template).Execute(...)
	/usr/local/go/src/text/template/exec.go:203
go_todo/todo_app/app/controllers.top(0x142dfa0, 0xc00019c0e0, 0xc000144200)
	/Users/takuro/go/src/go_todo/todo_app/app/controllers/route_main.go:10 +0xbf
net/http.HandlerFunc.ServeHTTP(0x13d6da8, 0x142dfa0, 0xc00019c0e0, 0xc000144200)
	/usr/local/go/src/net/http/server.go:2042 +0x44
net/http.(*ServeMux).ServeHTTP(0x1613940, 0x142dfa0, 0xc00019c0e0, 0xc000144200)
	/usr/local/go/src/net/http/server.go:2417 +0x1ad
net/http.serverHandler.ServeHTTP(0xc000148000, 0x142dfa0, 0xc00019c0e0, 0xc000144200)
	/usr/local/go/src/net/http/server.go:2843 +0xa3
net/http.(*conn).serve(0xc0001d8000, 0x142e8a0, 0xc000114500)
	/usr/local/go/src/net/http/server.go:1925 +0x8ad
created by net/http.(*Server).Serve
	/usr/local/go/src/net/http/server.go:2969 +0x36c
2021/02/21 15:31:47 server.go:3095: http: panic serving 127.0.0.1:63045: runtime error: invalid memory address or nil pointer dereference
goroutine 36 [running]:
net/http.(*conn).serve.func1(0xc0001d80a0)
	/usr/local/go/src/net/http/server.go:1801 +0x147
panic(0x1369a40, 0x1606d50)
	/usr/local/go/src/runtime/panic.go:975 +0x47a
text/template.errRecover(0xc00003cb30)
	/usr/local/go/src/text/template/exec.go:163 +0x18b
panic(0x1369a40, 0x1606d50)
	/usr/local/go/src/runtime/panic.go:969 +0x1b9
text/template.(*Template).execute(0x0, 0x14288c0, 0xc0001482a0, 0x0, 0x0, 0x0, 0x0)
	/usr/local/go/src/text/template/exec.go:217 +0x180
text/template.(*Template).Execute(...)
	/usr/local/go/src/text/template/exec.go:203
go_todo/todo_app/app/controllers.top(0x142dfa0, 0xc0001482a0, 0xc0001da000)
	/Users/takuro/go/src/go_todo/todo_app/app/controllers/route_main.go:10 +0xbf
net/http.HandlerFunc.ServeHTTP(0x13d6da8, 0x142dfa0, 0xc0001482a0, 0xc0001da000)
	/usr/local/go/src/net/http/server.go:2042 +0x44
net/http.(*ServeMux).ServeHTTP(0x1613940, 0x142dfa0, 0xc0001482a0, 0xc0001da000)
	/usr/local/go/src/net/http/server.go:2417 +0x1ad
net/http.serverHandler.ServeHTTP(0xc000148000, 0x142dfa0, 0xc0001482a0, 0xc0001da000)
	/usr/local/go/src/net/http/server.go:2843 +0xa3
net/http.(*conn).serve(0xc0001d80a0, 0x142e8a0, 0xc0001940c0)
	/usr/local/go/src/net/http/server.go:1925 +0x8ad
created by net/http.(*Server).Serve
	/usr/local/go/src/net/http/server.go:2969 +0x36c
2021/02/21 15:31:47 server.go:3095: http: panic serving 127.0.0.1:63046: runtime error: invalid memory address or nil pointer dereference
goroutine 21 [running]:
net/http.(*conn).serve.func1(0xc0000a40a0)
	/usr/local/go/src/net/http/server.go:1801 +0x147
panic(0x1369a40, 0x1606d50)
	/usr/local/go/src/runtime/panic.go:975 +0x47a
text/template.errRecover(0xc00003eb30)
	/usr/local/go/src/text/template/exec.go:163 +0x18b
panic(0x1369a40, 0x1606d50)
	/usr/local/go/src/runtime/panic.go:969 +0x1b9
text/template.(*Template).execute(0x0, 0x14288c0, 0xc0000b8000, 0x0, 0x0, 0x0, 0x0)
	/usr/local/go/src/text/template/exec.go:217 +0x180
text/template.(*Template).Execute(...)
	/usr/local/go/src/text/template/exec.go:203
go_todo/todo_app/app/controllers.top(0x142dfa0, 0xc0000b8000, 0xc00009c200)
	/Users/takuro/go/src/go_todo/todo_app/app/controllers/route_main.go:10 +0xbf
net/http.HandlerFunc.ServeHTTP(0x13d6da8, 0x142dfa0, 0xc0000b8000, 0xc00009c200)
	/usr/local/go/src/net/http/server.go:2042 +0x44
net/http.(*ServeMux).ServeHTTP(0x1613940, 0x142dfa0, 0xc0000b8000, 0xc00009c200)
	/usr/local/go/src/net/http/server.go:2417 +0x1ad
net/http.serverHandler.ServeHTTP(0xc000148000, 0x142dfa0, 0xc0000b8000, 0xc00009c200)
	/usr/local/go/src/net/http/server.go:2843 +0xa3
net/http.(*conn).serve(0xc0000a40a0, 0x142e8a0, 0xc0000901c0)
	/usr/local/go/src/net/http/server.go:1925 +0x8ad
created by net/http.(*Server).Serve
	/usr/local/go/src/net/http/server.go:2969 +0x36c
2021/02/21 15:31:52 server.go:3095: http: panic serving 127.0.0.1:63049: runtime error: invalid memory address or nil pointer dereference
goroutine 38 [running]:
net/http.(*conn).serve.func1(0xc0001d8140)
	/usr/local/go/src/net/http/server.go:1801 +0x147
panic(0x1369a40, 0x1606d50)
	/usr/local/go/src/runtime/panic.go:975 +0x47a
text/template.errRecover(0xc0001f2b30)
	/usr/local/go/src/text/template/exec.go:163 +0x18b
panic(0x1369a40, 0x1606d50)
	/usr/local/go/src/runtime/panic.go:969 +0x1b9
text/template.(*Template).execute(0x0, 0x14288c0, 0xc0000b80e0, 0x0, 0x0, 0x0, 0x0)
	/usr/local/go/src/text/template/exec.go:217 +0x180
text/template.(*Template).Execute(...)
	/usr/local/go/src/text/template/exec.go:203
go_todo/todo_app/app/controllers.top(0x142dfa0, 0xc0000b80e0, 0xc0001da200)
	/Users/takuro/go/src/go_todo/todo_app/app/controllers/route_main.go:10 +0xbf
net/http.HandlerFunc.ServeHTTP(0x13d6da8, 0x142dfa0, 0xc0000b80e0, 0xc0001da200)
	/usr/local/go/src/net/http/server.go:2042 +0x44
net/http.(*ServeMux).ServeHTTP(0x1613940, 0x142dfa0, 0xc0000b80e0, 0xc0001da200)
	/usr/local/go/src/net/http/server.go:2417 +0x1ad
net/http.serverHandler.ServeHTTP(0xc000148000, 0x142dfa0, 0xc0000b80e0, 0xc0001da200)
	/usr/local/go/src/net/http/server.go:2843 +0xa3
net/http.(*conn).serve(0xc0001d8140, 0x142e8a0, 0xc000194240)
	/usr/local/go/src/net/http/server.go:1925 +0x8ad
created by net/http.(*Server).Serve
	/usr/local/go/src/net/http/server.go:2969 +0x36c
2021/02/21 15:31:52 server.go:3095: http: panic serving 127.0.0.1:63050: runtime error: invalid memory address or nil pointer dereference
goroutine 39 [running]:
net/http.(*conn).serve.func1(0xc0001d81e0)
	/usr/local/go/src/net/http/server.go:1801 +0x147
panic(0x1369a40, 0x1606d50)
	/usr/local/go/src/runtime/panic.go:975 +0x47a
text/template.errRecover(0xc00003db30)
	/usr/local/go/src/text/template/exec.go:163 +0x18b
panic(0x1369a40, 0x1606d50)
	/usr/local/go/src/runtime/panic.go:969 +0x1b9
text/template.(*Template).execute(0x0, 0x14288c0, 0xc000148380, 0x0, 0x0, 0x0, 0x0)
	/usr/local/go/src/text/template/exec.go:217 +0x180
text/template.(*Template).Execute(...)
	/usr/local/go/src/text/template/exec.go:203
go_todo/todo_app/app/controllers.top(0x142dfa0, 0xc000148380, 0xc0001da100)
	/Users/takuro/go/src/go_todo/todo_app/app/controllers/route_main.go:10 +0xbf
net/http.HandlerFunc.ServeHTTP(0x13d6da8, 0x142dfa0, 0xc000148380, 0xc0001da100)
	/usr/local/go/src/net/http/server.go:2042 +0x44
net/http.(*ServeMux).ServeHTTP(0x1613940, 0x142dfa0, 0xc000148380, 0xc0001da100)
	/usr/local/go/src/net/http/server.go:2417 +0x1ad
net/http.serverHandler.ServeHTTP(0xc000148000, 0x142dfa0, 0xc000148380, 0xc0001da100)
	/usr/local/go/src/net/http/server.go:2843 +0xa3
net/http.(*conn).serve(0xc0001d81e0, 0x142e8a0, 0xc0001941c0)
	/usr/local/go/src/net/http/server.go:1925 +0x8ad
created by net/http.(*Server).Serve
	/usr/local/go/src/net/http/server.go:2969 +0x36c
2021/02/21 15:31:52 server.go:3095: http: panic serving 127.0.0.1:63051: runtime error: invalid memory address or nil pointer dereference
goroutine 40 [running]:
net/http.(*conn).serve.func1(0xc0001d8280)
	/usr/local/go/src/net/http/server.go:1801 +0x147
panic(0x1369a40, 0x1606d50)
	/usr/local/go/src/runtime/panic.go:975 +0x47a
text/template.errRecover(0xc0001f3b30)
	/usr/local/go/src/text/template/exec.go:163 +0x18b
panic(0x1369a40, 0x1606d50)
	/usr/local/go/src/runtime/panic.go:969 +0x1b9
text/template.(*Template).execute(0x0, 0x14288c0, 0xc00019c1c0, 0x0, 0x0, 0x0, 0x0)
	/usr/local/go/src/text/template/exec.go:217 +0x180
text/template.(*Template).Execute(...)
	/usr/local/go/src/text/template/exec.go:203
go_todo/todo_app/app/controllers.top(0x142dfa0, 0xc00019c1c0, 0xc0001da300)
	/Users/takuro/go/src/go_todo/todo_app/app/controllers/route_main.go:10 +0xbf
net/http.HandlerFunc.ServeHTTP(0x13d6da8, 0x142dfa0, 0xc00019c1c0, 0xc0001da300)
	/usr/local/go/src/net/http/server.go:2042 +0x44
net/http.(*ServeMux).ServeHTTP(0x1613940, 0x142dfa0, 0xc00019c1c0, 0xc0001da300)
	/usr/local/go/src/net/http/server.go:2417 +0x1ad
net/http.serverHandler.ServeHTTP(0xc000148000, 0x142dfa0, 0xc00019c1c0, 0xc0001da300)
	/usr/local/go/src/net/http/server.go:2843 +0xa3
net/http.(*conn).serve(0xc0001d8280, 0x142e8a0, 0xc000194300)
	/usr/local/go/src/net/http/server.go:1925 +0x8ad
created by net/http.(*Server).Serve
	/usr/local/go/src/net/http/server.go:2969 +0x36c
2021/02/21 15:32:22 server.go:3095: http: panic serving 127.0.0.1:63071: runtime error: invalid memory address or nil pointer dereference
goroutine 10 [running]:
net/http.(*conn).serve.func1(0xc000100fa0)
	/usr/local/go/src/net/http/server.go:1801 +0x147
panic(0x1369a40, 0x1606d50)
	/usr/local/go/src/runtime/panic.go:975 +0x47a
text/template.errRecover(0xc00003cb30)
	/usr/local/go/src/text/template/exec.go:163 +0x18b
panic(0x1369a40, 0x1606d50)
	/usr/local/go/src/runtime/panic.go:969 +0x1b9
text/template.(*Template).execute(0x0, 0x14288c0, 0xc00019c2a0, 0x0, 0x0, 0x0, 0x0)
	/usr/local/go/src/text/template/exec.go:217 +0x180
text/template.(*Template).Execute(...)
	/usr/local/go/src/text/template/exec.go:203
go_todo/todo_app/app/controllers.top(0x142dfa0, 0xc00019c2a0, 0xc000144400)
	/Users/takuro/go/src/go_todo/todo_app/app/controllers/route_main.go:10 +0xbf
net/http.HandlerFunc.ServeHTTP(0x13d6da8, 0x142dfa0, 0xc00019c2a0, 0xc000144400)
	/usr/local/go/src/net/http/server.go:2042 +0x44
net/http.(*ServeMux).ServeHTTP(0x1613940, 0x142dfa0, 0xc00019c2a0, 0xc000144400)
	/usr/local/go/src/net/http/server.go:2417 +0x1ad
net/http.serverHandler.ServeHTTP(0xc000148000, 0x142dfa0, 0xc00019c2a0, 0xc000144400)
	/usr/local/go/src/net/http/server.go:2843 +0xa3
net/http.(*conn).serve(0xc000100fa0, 0x142e8a0, 0xc000114700)
	/usr/local/go/src/net/http/server.go:1925 +0x8ad
created by net/http.(*Server).Serve
	/usr/local/go/src/net/http/server.go:2969 +0x36c
2021/02/21 15:32:23 server.go:3095: http: panic serving 127.0.0.1:63072: runtime error: invalid memory address or nil pointer dereference
goroutine 11 [running]:
net/http.(*conn).serve.func1(0xc000101040)
	/usr/local/go/src/net/http/server.go:1801 +0x147
panic(0x1369a40, 0x1606d50)
	/usr/local/go/src/runtime/panic.go:975 +0x47a
text/template.errRecover(0xc00003db30)
	/usr/local/go/src/text/template/exec.go:163 +0x18b
panic(0x1369a40, 0x1606d50)
	/usr/local/go/src/runtime/panic.go:969 +0x1b9
text/template.(*Template).execute(0x0, 0x14288c0, 0xc0000b81c0, 0x0, 0x0, 0x0, 0x0)
	/usr/local/go/src/text/template/exec.go:217 +0x180
text/template.(*Template).Execute(...)
	/usr/local/go/src/text/template/exec.go:203
go_todo/todo_app/app/controllers.top(0x142dfa0, 0xc0000b81c0, 0xc000144300)
	/Users/takuro/go/src/go_todo/todo_app/app/controllers/route_main.go:10 +0xbf
net/http.HandlerFunc.ServeHTTP(0x13d6da8, 0x142dfa0, 0xc0000b81c0, 0xc000144300)
	/usr/local/go/src/net/http/server.go:2042 +0x44
net/http.(*ServeMux).ServeHTTP(0x1613940, 0x142dfa0, 0xc0000b81c0, 0xc000144300)
	/usr/local/go/src/net/http/server.go:2417 +0x1ad
net/http.serverHandler.ServeHTTP(0xc000148000, 0x142dfa0, 0xc0000b81c0, 0xc000144300)
	/usr/local/go/src/net/http/server.go:2843 +0xa3
net/http.(*conn).serve(0xc000101040, 0x142e8a0, 0xc000114680)
	/usr/local/go/src/net/http/server.go:1925 +0x8ad
created by net/http.(*Server).Serve
	/usr/local/go/src/net/http/server.go:2969 +0x36c
2021/02/21 15:32:23 server.go:3095: http: panic serving 127.0.0.1:63073: runtime error: invalid memory address or nil pointer dereference
goroutine 12 [running]:
net/http.(*conn).serve.func1(0xc0001010e0)
	/usr/local/go/src/net/http/server.go:1801 +0x147
panic(0x1369a40, 0x1606d50)
	/usr/local/go/src/runtime/panic.go:975 +0x47a
text/template.errRecover(0xc000041b30)
	/usr/local/go/src/text/template/exec.go:163 +0x18b
panic(0x1369a40, 0x1606d50)
	/usr/local/go/src/runtime/panic.go:969 +0x1b9
text/template.(*Template).execute(0x0, 0x14288c0, 0xc000148460, 0x0, 0x0, 0x0, 0x0)
	/usr/local/go/src/text/template/exec.go:217 +0x180
text/template.(*Template).Execute(...)
	/usr/local/go/src/text/template/exec.go:203
go_todo/todo_app/app/controllers.top(0x142dfa0, 0xc000148460, 0xc000144500)
	/Users/takuro/go/src/go_todo/todo_app/app/controllers/route_main.go:10 +0xbf
net/http.HandlerFunc.ServeHTTP(0x13d6da8, 0x142dfa0, 0xc000148460, 0xc000144500)
	/usr/local/go/src/net/http/server.go:2042 +0x44
net/http.(*ServeMux).ServeHTTP(0x1613940, 0x142dfa0, 0xc000148460, 0xc000144500)
	/usr/local/go/src/net/http/server.go:2417 +0x1ad
net/http.serverHandler.ServeHTTP(0xc000148000, 0x142dfa0, 0xc000148460, 0xc000144500)
	/usr/local/go/src/net/http/server.go:2843 +0xa3
net/http.(*conn).serve(0xc0001010e0, 0x142e8a0, 0xc000114780)
	/usr/local/go/src/net/http/server.go:1925 +0x8ad
created by net/http.(*Server).Serve
	/usr/local/go/src/net/http/server.go:2969 +0x36c
2021/02/21 15:40:57 server.go:3095: http: panic serving 127.0.0.1:63667: runtime error: invalid memory address or nil pointer dereference
goroutine 19 [running]:
net/http.(*conn).serve.func1(0xc000134e60)
	/usr/local/go/src/net/http/server.go:1801 +0x147
panic(0x1369a40, 0x1606d50)
	/usr/local/go/src/runtime/panic.go:975 +0x47a
text/template.errRecover(0xc000042b30)
	/usr/local/go/src/text/template/exec.go:163 +0x18b
panic(0x1369a40, 0x1606d50)
	/usr/local/go/src/runtime/panic.go:969 +0x1b9
text/template.(*Template).execute(0x0, 0x14288c0, 0xc0001800e0, 0x0, 0x0, 0x0, 0x0)
	/usr/local/go/src/text/template/exec.go:217 +0x180
text/template.(*Template).Execute(...)
	/usr/local/go/src/text/template/exec.go:203
go_todo/todo_app/app/controllers.top(0x142dfa0, 0xc0001800e0, 0xc00017c200)
	/Users/takuro/go/src/go_todo/todo_app/app/controllers/route_main.go:10 +0xbf
net/http.HandlerFunc.ServeHTTP(0x13d6db8, 0x142dfa0, 0xc0001800e0, 0xc00017c200)
	/usr/local/go/src/net/http/server.go:2042 +0x44
net/http.(*ServeMux).ServeHTTP(0x1613940, 0x142dfa0, 0xc0001800e0, 0xc00017c200)
	/usr/local/go/src/net/http/server.go:2417 +0x1ad
net/http.serverHandler.ServeHTTP(0xc000180000, 0x142dfa0, 0xc0001800e0, 0xc00017c200)
	/usr/local/go/src/net/http/server.go:2843 +0xa3
net/http.(*conn).serve(0xc000134e60, 0x142e8a0, 0xc00014a400)
	/usr/local/go/src/net/http/server.go:1925 +0x8ad
created by net/http.(*Server).Serve
	/usr/local/go/src/net/http/server.go:2969 +0x36c
2021/02/21 15:40:57 server.go:3095: http: panic serving 127.0.0.1:63668: runtime error: invalid memory address or nil pointer dereference
goroutine 20 [running]:
net/http.(*conn).serve.func1(0xc000134f00)
	/usr/local/go/src/net/http/server.go:1801 +0x147
panic(0x1369a40, 0x1606d50)
	/usr/local/go/src/runtime/panic.go:975 +0x47a
text/template.errRecover(0xc00017bb30)
	/usr/local/go/src/text/template/exec.go:163 +0x18b
panic(0x1369a40, 0x1606d50)
	/usr/local/go/src/runtime/panic.go:969 +0x1b9
text/template.(*Template).execute(0x0, 0x14288c0, 0xc00021c000, 0x0, 0x0, 0x0, 0x0)
	/usr/local/go/src/text/template/exec.go:217 +0x180
text/template.(*Template).Execute(...)
	/usr/local/go/src/text/template/exec.go:203
go_todo/todo_app/app/controllers.top(0x142dfa0, 0xc00021c000, 0xc00017c100)
	/Users/takuro/go/src/go_todo/todo_app/app/controllers/route_main.go:10 +0xbf
net/http.HandlerFunc.ServeHTTP(0x13d6db8, 0x142dfa0, 0xc00021c000, 0xc00017c100)
	/usr/local/go/src/net/http/server.go:2042 +0x44
net/http.(*ServeMux).ServeHTTP(0x1613940, 0x142dfa0, 0xc00021c000, 0xc00017c100)
	/usr/local/go/src/net/http/server.go:2417 +0x1ad
net/http.serverHandler.ServeHTTP(0xc000180000, 0x142dfa0, 0xc00021c000, 0xc00017c100)
	/usr/local/go/src/net/http/server.go:2843 +0xa3
net/http.(*conn).serve(0xc000134f00, 0x142e8a0, 0xc00014a340)
	/usr/local/go/src/net/http/server.go:1925 +0x8ad
created by net/http.(*Server).Serve
	/usr/local/go/src/net/http/server.go:2969 +0x36c
2021/02/21 15:40:57 server.go:3095: http: panic serving 127.0.0.1:63669: runtime error: invalid memory address or nil pointer dereference
goroutine 50 [running]:
net/http.(*conn).serve.func1(0xc000096000)
	/usr/local/go/src/net/http/server.go:1801 +0x147
panic(0x1369a40, 0x1606d50)
	/usr/local/go/src/runtime/panic.go:975 +0x47a
text/template.errRecover(0xc00009cb30)
	/usr/local/go/src/text/template/exec.go:163 +0x18b
panic(0x1369a40, 0x1606d50)
	/usr/local/go/src/runtime/panic.go:969 +0x1b9
text/template.(*Template).execute(0x0, 0x14288c0, 0xc0000be000, 0x0, 0x0, 0x0, 0x0)
	/usr/local/go/src/text/template/exec.go:217 +0x180
text/template.(*Template).Execute(...)
	/usr/local/go/src/text/template/exec.go:203
go_todo/todo_app/app/controllers.top(0x142dfa0, 0xc0000be000, 0xc0000aa000)
	/Users/takuro/go/src/go_todo/todo_app/app/controllers/route_main.go:10 +0xbf
net/http.HandlerFunc.ServeHTTP(0x13d6db8, 0x142dfa0, 0xc0000be000, 0xc0000aa000)
	/usr/local/go/src/net/http/server.go:2042 +0x44
net/http.(*ServeMux).ServeHTTP(0x1613940, 0x142dfa0, 0xc0000be000, 0xc0000aa000)
	/usr/local/go/src/net/http/server.go:2417 +0x1ad
net/http.serverHandler.ServeHTTP(0xc000180000, 0x142dfa0, 0xc0000be000, 0xc0000aa000)
	/usr/local/go/src/net/http/server.go:2843 +0xa3
net/http.(*conn).serve(0xc000096000, 0x142e8a0, 0xc0000a2000)
	/usr/local/go/src/net/http/server.go:1925 +0x8ad
created by net/http.(*Server).Serve
	/usr/local/go/src/net/http/server.go:2969 +0x36c
2021/02/21 15:40:58 server.go:3095: http: panic serving 127.0.0.1:63672: runtime error: invalid memory address or nil pointer dereference
goroutine 22 [running]:
net/http.(*conn).serve.func1(0xc000134fa0)
	/usr/local/go/src/net/http/server.go:1801 +0x147
panic(0x1369a40, 0x1606d50)
	/usr/local/go/src/runtime/panic.go:975 +0x47a
text/template.errRecover(0xc00009cb30)
	/usr/local/go/src/text/template/exec.go:163 +0x18b
panic(0x1369a40, 0x1606d50)
	/usr/local/go/src/runtime/panic.go:969 +0x1b9
text/template.(*Template).execute(0x0, 0x14288c0, 0xc00021c0e0, 0x0, 0x0, 0x0, 0x0)
	/usr/local/go/src/text/template/exec.go:217 +0x180
text/template.(*Template).Execute(...)
	/usr/local/go/src/text/template/exec.go:203
go_todo/todo_app/app/controllers.top(0x142dfa0, 0xc00021c0e0, 0xc0000aa100)
	/Users/takuro/go/src/go_todo/todo_app/app/controllers/route_main.go:10 +0xbf
net/http.HandlerFunc.ServeHTTP(0x13d6db8, 0x142dfa0, 0xc00021c0e0, 0xc0000aa100)
	/usr/local/go/src/net/http/server.go:2042 +0x44
net/http.(*ServeMux).ServeHTTP(0x1613940, 0x142dfa0, 0xc00021c0e0, 0xc0000aa100)
	/usr/local/go/src/net/http/server.go:2417 +0x1ad
net/http.serverHandler.ServeHTTP(0xc000180000, 0x142dfa0, 0xc00021c0e0, 0xc0000aa100)
	/usr/local/go/src/net/http/server.go:2843 +0xa3
net/http.(*conn).serve(0xc000134fa0, 0x142e8a0, 0xc0000a2140)
	/usr/local/go/src/net/http/server.go:1925 +0x8ad
created by net/http.(*Server).Serve
	/usr/local/go/src/net/http/server.go:2969 +0x36c
2021/02/21 15:40:58 server.go:3095: http: panic serving 127.0.0.1:63673: runtime error: invalid memory address or nil pointer dereference
goroutine 23 [running]:
net/http.(*conn).serve.func1(0xc000135040)
	/usr/local/go/src/net/http/server.go:1801 +0x147
panic(0x1369a40, 0x1606d50)
	/usr/local/go/src/runtime/panic.go:975 +0x47a
text/template.errRecover(0xc000042b30)
	/usr/local/go/src/text/template/exec.go:163 +0x18b
panic(0x1369a40, 0x1606d50)
	/usr/local/go/src/runtime/panic.go:969 +0x1b9
text/template.(*Template).execute(0x0, 0x14288c0, 0xc0001801c0, 0x0, 0x0, 0x0, 0x0)
	/usr/local/go/src/text/template/exec.go:217 +0x180
text/template.(*Template).Execute(...)
	/usr/local/go/src/text/template/exec.go:203
go_todo/todo_app/app/controllers.top(0x142dfa0, 0xc0001801c0, 0xc00017c300)
	/Users/takuro/go/src/go_todo/todo_app/app/controllers/route_main.go:10 +0xbf
net/http.HandlerFunc.ServeHTTP(0x13d6db8, 0x142dfa0, 0xc0001801c0, 0xc00017c300)
	/usr/local/go/src/net/http/server.go:2042 +0x44
net/http.(*ServeMux).ServeHTTP(0x1613940, 0x142dfa0, 0xc0001801c0, 0xc00017c300)
	/usr/local/go/src/net/http/server.go:2417 +0x1ad
net/http.serverHandler.ServeHTTP(0xc000180000, 0x142dfa0, 0xc0001801c0, 0xc00017c300)
	/usr/local/go/src/net/http/server.go:2843 +0xa3
net/http.(*conn).serve(0xc000135040, 0x142e8a0, 0xc00014a580)
	/usr/local/go/src/net/http/server.go:1925 +0x8ad
created by net/http.(*Server).Serve
	/usr/local/go/src/net/http/server.go:2969 +0x36c
2021/02/21 15:40:58 server.go:3095: http: panic serving 127.0.0.1:63674: runtime error: invalid memory address or nil pointer dereference
goroutine 52 [running]:
net/http.(*conn).serve.func1(0xc0000960a0)
	/usr/local/go/src/net/http/server.go:1801 +0x147
panic(0x1369a40, 0x1606d50)
	/usr/local/go/src/runtime/panic.go:975 +0x47a
text/template.errRecover(0xc000042b30)
	/usr/local/go/src/text/template/exec.go:163 +0x18b
panic(0x1369a40, 0x1606d50)
	/usr/local/go/src/runtime/panic.go:969 +0x1b9
text/template.(*Template).execute(0x0, 0x14288c0, 0xc0001802a0, 0x0, 0x0, 0x0, 0x0)
	/usr/local/go/src/text/template/exec.go:217 +0x180
text/template.(*Template).Execute(...)
	/usr/local/go/src/text/template/exec.go:203
go_todo/todo_app/app/controllers.top(0x142dfa0, 0xc0001802a0, 0xc00017c400)
	/Users/takuro/go/src/go_todo/todo_app/app/controllers/route_main.go:10 +0xbf
net/http.HandlerFunc.ServeHTTP(0x13d6db8, 0x142dfa0, 0xc0001802a0, 0xc00017c400)
	/usr/local/go/src/net/http/server.go:2042 +0x44
net/http.(*ServeMux).ServeHTTP(0x1613940, 0x142dfa0, 0xc0001802a0, 0xc00017c400)
	/usr/local/go/src/net/http/server.go:2417 +0x1ad
net/http.serverHandler.ServeHTTP(0xc000180000, 0x142dfa0, 0xc0001802a0, 0xc00017c400)
	/usr/local/go/src/net/http/server.go:2843 +0xa3
net/http.(*conn).serve(0xc0000960a0, 0x142e8a0, 0xc00014a680)
	/usr/local/go/src/net/http/server.go:1925 +0x8ad
created by net/http.(*Server).Serve
	/usr/local/go/src/net/http/server.go:2969 +0x36c
2021/02/21 15:41:03 server.go:3095: http: panic serving 127.0.0.1:63683: runtime error: invalid memory address or nil pointer dereference
goroutine 36 [running]:
net/http.(*conn).serve.func1(0xc00025a000)
	/usr/local/go/src/net/http/server.go:1801 +0x147
panic(0x1369a40, 0x1606d50)
	/usr/local/go/src/runtime/panic.go:975 +0x47a
text/template.errRecover(0xc000042b30)
	/usr/local/go/src/text/template/exec.go:163 +0x18b
panic(0x1369a40, 0x1606d50)
	/usr/local/go/src/runtime/panic.go:969 +0x1b9
text/template.(*Template).execute(0x0, 0x14288c0, 0xc0000be0e0, 0x0, 0x0, 0x0, 0x0)
	/usr/local/go/src/text/template/exec.go:217 +0x180
text/template.(*Template).Execute(...)
	/usr/local/go/src/text/template/exec.go:203
go_todo/todo_app/app/controllers.top(0x142dfa0, 0xc0000be0e0, 0xc00017c500)
	/Users/takuro/go/src/go_todo/todo_app/app/controllers/route_main.go:10 +0xbf
net/http.HandlerFunc.ServeHTTP(0x13d6db8, 0x142dfa0, 0xc0000be0e0, 0xc00017c500)
	/usr/local/go/src/net/http/server.go:2042 +0x44
net/http.(*ServeMux).ServeHTTP(0x1613940, 0x142dfa0, 0xc0000be0e0, 0xc00017c500)
	/usr/local/go/src/net/http/server.go:2417 +0x1ad
net/http.serverHandler.ServeHTTP(0xc000180000, 0x142dfa0, 0xc0000be0e0, 0xc00017c500)
	/usr/local/go/src/net/http/server.go:2843 +0xa3
net/http.(*conn).serve(0xc00025a000, 0x142e8a0, 0xc00014a780)
	/usr/local/go/src/net/http/server.go:1925 +0x8ad
created by net/http.(*Server).Serve
	/usr/local/go/src/net/http/server.go:2969 +0x36c
2021/02/21 15:41:03 server.go:3095: http: panic serving 127.0.0.1:63684: runtime error: invalid memory address or nil pointer dereference
goroutine 37 [running]:
net/http.(*conn).serve.func1(0xc00025a0a0)
	/usr/local/go/src/net/http/server.go:1801 +0x147
panic(0x1369a40, 0x1606d50)
	/usr/local/go/src/runtime/panic.go:975 +0x47a
text/template.errRecover(0xc00009cb30)
	/usr/local/go/src/text/template/exec.go:163 +0x18b
panic(0x1369a40, 0x1606d50)
	/usr/local/go/src/runtime/panic.go:969 +0x1b9
text/template.(*Template).execute(0x0, 0x14288c0, 0xc00021c1c0, 0x0, 0x0, 0x0, 0x0)
	/usr/local/go/src/text/template/exec.go:217 +0x180
text/template.(*Template).Execute(...)
	/usr/local/go/src/text/template/exec.go:203
go_todo/todo_app/app/controllers.top(0x142dfa0, 0xc00021c1c0, 0xc00025c000)
	/Users/takuro/go/src/go_todo/todo_app/app/controllers/route_main.go:10 +0xbf
net/http.HandlerFunc.ServeHTTP(0x13d6db8, 0x142dfa0, 0xc00021c1c0, 0xc00025c000)
	/usr/local/go/src/net/http/server.go:2042 +0x44
net/http.(*ServeMux).ServeHTTP(0x1613940, 0x142dfa0, 0xc00021c1c0, 0xc00025c000)
	/usr/local/go/src/net/http/server.go:2417 +0x1ad
net/http.serverHandler.ServeHTTP(0xc000180000, 0x142dfa0, 0xc00021c1c0, 0xc00025c000)
	/usr/local/go/src/net/http/server.go:2843 +0xa3
net/http.(*conn).serve(0xc00025a0a0, 0x142e8a0, 0xc000214100)
	/usr/local/go/src/net/http/server.go:1925 +0x8ad
created by net/http.(*Server).Serve
	/usr/local/go/src/net/http/server.go:2969 +0x36c
2021/02/21 15:41:03 server.go:3095: http: panic serving 127.0.0.1:63685: runtime error: invalid memory address or nil pointer dereference
goroutine 26 [running]:
net/http.(*conn).serve.func1(0xc0001350e0)
	/usr/local/go/src/net/http/server.go:1801 +0x147
panic(0x1369a40, 0x1606d50)
	/usr/local/go/src/runtime/panic.go:975 +0x47a
text/template.errRecover(0xc000043b30)
	/usr/local/go/src/text/template/exec.go:163 +0x18b
panic(0x1369a40, 0x1606d50)
	/usr/local/go/src/runtime/panic.go:969 +0x1b9
text/template.(*Template).execute(0x0, 0x14288c0, 0xc000180380, 0x0, 0x0, 0x0, 0x0)
	/usr/local/go/src/text/template/exec.go:217 +0x180
text/template.(*Template).Execute(...)
	/usr/local/go/src/text/template/exec.go:203
go_todo/todo_app/app/controllers.top(0x142dfa0, 0xc000180380, 0xc00017c600)
	/Users/takuro/go/src/go_todo/todo_app/app/controllers/route_main.go:10 +0xbf
net/http.HandlerFunc.ServeHTTP(0x13d6db8, 0x142dfa0, 0xc000180380, 0xc00017c600)
	/usr/local/go/src/net/http/server.go:2042 +0x44
net/http.(*ServeMux).ServeHTTP(0x1613940, 0x142dfa0, 0xc000180380, 0xc00017c600)
	/usr/local/go/src/net/http/server.go:2417 +0x1ad
net/http.serverHandler.ServeHTTP(0xc000180000, 0x142dfa0, 0xc000180380, 0xc00017c600)
	/usr/local/go/src/net/http/server.go:2843 +0xa3
net/http.(*conn).serve(0xc0001350e0, 0x142e8a0, 0xc00014a800)
	/usr/local/go/src/net/http/server.go:1925 +0x8ad
created by net/http.(*Server).Serve
	/usr/local/go/src/net/http/server.go:2969 +0x36c
2021/02/21 15:41:33 server.go:3095: http: panic serving 127.0.0.1:63705: runtime error: invalid memory address or nil pointer dereference
goroutine 54 [running]:
net/http.(*conn).serve.func1(0xc000096140)
	/usr/local/go/src/net/http/server.go:1801 +0x147
panic(0x1369a40, 0x1606d50)
	/usr/local/go/src/runtime/panic.go:975 +0x47a
text/template.errRecover(0xc00009cb30)
	/usr/local/go/src/text/template/exec.go:163 +0x18b
panic(0x1369a40, 0x1606d50)
	/usr/local/go/src/runtime/panic.go:969 +0x1b9
text/template.(*Template).execute(0x0, 0x14288c0, 0xc00021c2a0, 0x0, 0x0, 0x0, 0x0)
	/usr/local/go/src/text/template/exec.go:217 +0x180
text/template.(*Template).Execute(...)
	/usr/local/go/src/text/template/exec.go:203
go_todo/todo_app/app/controllers.top(0x142dfa0, 0xc00021c2a0, 0xc00025c100)
	/Users/takuro/go/src/go_todo/todo_app/app/controllers/route_main.go:10 +0xbf
net/http.HandlerFunc.ServeHTTP(0x13d6db8, 0x142dfa0, 0xc00021c2a0, 0xc00025c100)
	/usr/local/go/src/net/http/server.go:2042 +0x44
net/http.(*ServeMux).ServeHTTP(0x1613940, 0x142dfa0, 0xc00021c2a0, 0xc00025c100)
	/usr/local/go/src/net/http/server.go:2417 +0x1ad
net/http.serverHandler.ServeHTTP(0xc000180000, 0x142dfa0, 0xc00021c2a0, 0xc00025c100)
	/usr/local/go/src/net/http/server.go:2843 +0xa3
net/http.(*conn).serve(0xc000096140, 0x142e8a0, 0xc000214200)
	/usr/local/go/src/net/http/server.go:1925 +0x8ad
created by net/http.(*Server).Serve
	/usr/local/go/src/net/http/server.go:2969 +0x36c
2021/02/21 15:41:33 server.go:3095: http: panic serving 127.0.0.1:63706: runtime error: invalid memory address or nil pointer dereference
goroutine 55 [running]:
net/http.(*conn).serve.func1(0xc0000961e0)
	/usr/local/go/src/net/http/server.go:1801 +0x147
panic(0x1369a40, 0x1606d50)
	/usr/local/go/src/runtime/panic.go:975 +0x47a
text/template.errRecover(0xc000042b30)
	/usr/local/go/src/text/template/exec.go:163 +0x18b
panic(0x1369a40, 0x1606d50)
	/usr/local/go/src/runtime/panic.go:969 +0x1b9
text/template.(*Template).execute(0x0, 0x14288c0, 0xc00021c380, 0x0, 0x0, 0x0, 0x0)
	/usr/local/go/src/text/template/exec.go:217 +0x180
text/template.(*Template).Execute(...)
	/usr/local/go/src/text/template/exec.go:203
go_todo/todo_app/app/controllers.top(0x142dfa0, 0xc00021c380, 0xc0000aa200)
	/Users/takuro/go/src/go_todo/todo_app/app/controllers/route_main.go:10 +0xbf
net/http.HandlerFunc.ServeHTTP(0x13d6db8, 0x142dfa0, 0xc00021c380, 0xc0000aa200)
	/usr/local/go/src/net/http/server.go:2042 +0x44
net/http.(*ServeMux).ServeHTTP(0x1613940, 0x142dfa0, 0xc00021c380, 0xc0000aa200)
	/usr/local/go/src/net/http/server.go:2417 +0x1ad
net/http.serverHandler.ServeHTTP(0xc000180000, 0x142dfa0, 0xc00021c380, 0xc0000aa200)
	/usr/local/go/src/net/http/server.go:2843 +0xa3
net/http.(*conn).serve(0xc0000961e0, 0x142e8a0, 0xc0000a2240)
	/usr/local/go/src/net/http/server.go:1925 +0x8ad
created by net/http.(*Server).Serve
	/usr/local/go/src/net/http/server.go:2969 +0x36c
2021/02/21 15:41:33 server.go:3095: http: panic serving 127.0.0.1:63707: runtime error: invalid memory address or nil pointer dereference
goroutine 56 [running]:
net/http.(*conn).serve.func1(0xc000096280)
	/usr/local/go/src/net/http/server.go:1801 +0x147
panic(0x1369a40, 0x1606d50)
	/usr/local/go/src/runtime/panic.go:975 +0x47a
text/template.errRecover(0xc00009db30)
	/usr/local/go/src/text/template/exec.go:163 +0x18b
panic(0x1369a40, 0x1606d50)
	/usr/local/go/src/runtime/panic.go:969 +0x1b9
text/template.(*Template).execute(0x0, 0x14288c0, 0xc0000be1c0, 0x0, 0x0, 0x0, 0x0)
	/usr/local/go/src/text/template/exec.go:217 +0x180
text/template.(*Template).Execute(...)
	/usr/local/go/src/text/template/exec.go:203
go_todo/todo_app/app/controllers.top(0x142dfa0, 0xc0000be1c0, 0xc0000aa300)
	/Users/takuro/go/src/go_todo/todo_app/app/controllers/route_main.go:10 +0xbf
net/http.HandlerFunc.ServeHTTP(0x13d6db8, 0x142dfa0, 0xc0000be1c0, 0xc0000aa300)
	/usr/local/go/src/net/http/server.go:2042 +0x44
net/http.(*ServeMux).ServeHTTP(0x1613940, 0x142dfa0, 0xc0000be1c0, 0xc0000aa300)
	/usr/local/go/src/net/http/server.go:2417 +0x1ad
net/http.serverHandler.ServeHTTP(0xc000180000, 0x142dfa0, 0xc0000be1c0, 0xc0000aa300)
	/usr/local/go/src/net/http/server.go:2843 +0xa3
net/http.(*conn).serve(0xc000096280, 0x142e8a0, 0xc0000a22c0)
	/usr/local/go/src/net/http/server.go:1925 +0x8ad
created by net/http.(*Server).Serve
	/usr/local/go/src/net/http/server.go:2969 +0x36c
2021/02/21 15:42:33 server.go:3095: http: panic serving 127.0.0.1:63804: runtime error: invalid memory address or nil pointer dereference
goroutine 41 [running]:
net/http.(*conn).serve.func1(0xc00025a140)
	/usr/local/go/src/net/http/server.go:1801 +0x147
panic(0x1369a40, 0x1606d50)
	/usr/local/go/src/runtime/panic.go:975 +0x47a
text/template.errRecover(0xc000042b30)
	/usr/local/go/src/text/template/exec.go:163 +0x18b
panic(0x1369a40, 0x1606d50)
	/usr/local/go/src/runtime/panic.go:969 +0x1b9
text/template.(*Template).execute(0x0, 0x14288c0, 0xc00021c460, 0x0, 0x0, 0x0, 0x0)
	/usr/local/go/src/text/template/exec.go:217 +0x180
text/template.(*Template).Execute(...)
	/usr/local/go/src/text/template/exec.go:203
go_todo/todo_app/app/controllers.top(0x142dfa0, 0xc00021c460, 0xc00025c200)
	/Users/takuro/go/src/go_todo/todo_app/app/controllers/route_main.go:10 +0xbf
net/http.HandlerFunc.ServeHTTP(0x13d6db8, 0x142dfa0, 0xc00021c460, 0xc00025c200)
	/usr/local/go/src/net/http/server.go:2042 +0x44
net/http.(*ServeMux).ServeHTTP(0x1613940, 0x142dfa0, 0xc00021c460, 0xc00025c200)
	/usr/local/go/src/net/http/server.go:2417 +0x1ad
net/http.serverHandler.ServeHTTP(0xc000180000, 0x142dfa0, 0xc00021c460, 0xc00025c200)
	/usr/local/go/src/net/http/server.go:2843 +0xa3
net/http.(*conn).serve(0xc00025a140, 0x142e8a0, 0xc000214380)
	/usr/local/go/src/net/http/server.go:1925 +0x8ad
created by net/http.(*Server).Serve
	/usr/local/go/src/net/http/server.go:2969 +0x36c
2021/02/21 15:42:33 server.go:3095: http: panic serving 127.0.0.1:63805: runtime error: invalid memory address or nil pointer dereference
goroutine 42 [running]:
net/http.(*conn).serve.func1(0xc00025a1e0)
	/usr/local/go/src/net/http/server.go:1801 +0x147
panic(0x1369a40, 0x1606d50)
	/usr/local/go/src/runtime/panic.go:975 +0x47a
text/template.errRecover(0xc00009cb30)
	/usr/local/go/src/text/template/exec.go:163 +0x18b
panic(0x1369a40, 0x1606d50)
	/usr/local/go/src/runtime/panic.go:969 +0x1b9
text/template.(*Template).execute(0x0, 0x14288c0, 0xc0000be2a0, 0x0, 0x0, 0x0, 0x0)
	/usr/local/go/src/text/template/exec.go:217 +0x180
text/template.(*Template).Execute(...)
	/usr/local/go/src/text/template/exec.go:203
go_todo/todo_app/app/controllers.top(0x142dfa0, 0xc0000be2a0, 0xc00025c300)
	/Users/takuro/go/src/go_todo/todo_app/app/controllers/route_main.go:10 +0xbf
net/http.HandlerFunc.ServeHTTP(0x13d6db8, 0x142dfa0, 0xc0000be2a0, 0xc00025c300)
	/usr/local/go/src/net/http/server.go:2042 +0x44
net/http.(*ServeMux).ServeHTTP(0x1613940, 0x142dfa0, 0xc0000be2a0, 0xc00025c300)
	/usr/local/go/src/net/http/server.go:2417 +0x1ad
net/http.serverHandler.ServeHTTP(0xc000180000, 0x142dfa0, 0xc0000be2a0, 0xc00025c300)
	/usr/local/go/src/net/http/server.go:2843 +0xa3
net/http.(*conn).serve(0xc00025a1e0, 0x142e8a0, 0xc000214400)
	/usr/local/go/src/net/http/server.go:1925 +0x8ad
created by net/http.(*Server).Serve
	/usr/local/go/src/net/http/server.go:2969 +0x36c
2021/02/21 15:42:33 server.go:3095: http: panic serving 127.0.0.1:63806: runtime error: invalid memory address or nil pointer dereference
goroutine 44 [running]:
net/http.(*conn).serve.func1(0xc00025a280)
	/usr/local/go/src/net/http/server.go:1801 +0x147
panic(0x1369a40, 0x1606d50)
	/usr/local/go/src/runtime/panic.go:975 +0x47a
text/template.errRecover(0xc000042b30)
	/usr/local/go/src/text/template/exec.go:163 +0x18b
panic(0x1369a40, 0x1606d50)
	/usr/local/go/src/runtime/panic.go:969 +0x1b9
text/template.(*Template).execute(0x0, 0x14288c0, 0xc0000be380, 0x0, 0x0, 0x0, 0x0)
	/usr/local/go/src/text/template/exec.go:217 +0x180
text/template.(*Template).Execute(...)
	/usr/local/go/src/text/template/exec.go:203
go_todo/todo_app/app/controllers.top(0x142dfa0, 0xc0000be380, 0xc00025c400)
	/Users/takuro/go/src/go_todo/todo_app/app/controllers/route_main.go:10 +0xbf
net/http.HandlerFunc.ServeHTTP(0x13d6db8, 0x142dfa0, 0xc0000be380, 0xc00025c400)
	/usr/local/go/src/net/http/server.go:2042 +0x44
net/http.(*ServeMux).ServeHTTP(0x1613940, 0x142dfa0, 0xc0000be380, 0xc00025c400)
	/usr/local/go/src/net/http/server.go:2417 +0x1ad
net/http.serverHandler.ServeHTTP(0xc000180000, 0x142dfa0, 0xc0000be380, 0xc00025c400)
	/usr/local/go/src/net/http/server.go:2843 +0xa3
net/http.(*conn).serve(0xc00025a280, 0x142e8a0, 0xc000214540)
	/usr/local/go/src/net/http/server.go:1925 +0x8ad
created by net/http.(*Server).Serve
	/usr/local/go/src/net/http/server.go:2969 +0x36c
